<?xml version="1.0" encoding="UTF-8"?>
<testsuite xmlns:xsi="http://www.w3.org/2001/XMLSchema-instance" xsi:noNamespaceSchemaLocation="https://maven.apache.org/surefire/maven-surefire-plugin/xsd/surefire-test-report-3.0.xsd" version="3.0" name="org.example.AppTest" time="0.033" tests="3" errors="0" skipped="0" failures="0">
  <properties>
[...]
</properties>
  <testcase name="test1" classname="org.example.AppTest" time="0.005">
    <system-out><![CDATA[test1
]]></system-out>
  </testcase>
  <testcase name="test2" classname="org.example.AppTest" time="0.0">
    <system-out><![CDATA[test2
]]></system-out>
  </testcase>
  <testcase name="test3" classname="org.example.AppTest" time="0.002">
    <system-out><![CDATA[test3
]]></system-out>
  </testcase>
</testsuite>